            --------------------------------------------------------
                             AMBER SQM VERSION 19
 
                                     By
              Ross C. Walker, Michael F. Crowley, Scott Brozell,
                         Tim Giese, Andreas W. Goetz,
                        Tai-Sung Lee and David A. Case
 
            --------------------------------------------------------
 

--------------------------------------------------------------------------------
  QM CALCULATION INFO
--------------------------------------------------------------------------------

| QMMM: Citation for AMBER QMMM Run:
| QMMM: R.C. Walker, M.F. Crowley and D.A. Case, J. COMP. CHEM. 29:1019, 2008

QMMM: SINGLET STATE CALCULATION
QMMM: RHF CALCULATION, NO. OF DOUBLY OCCUPIED LEVELS = 45

| QMMM: *** Selected Hamiltonian *** 
| QMMM: AM1         

| QMMM: *** Parameter sets in use ***
| QMMM: C : M.J.S.DEWAR et al. JACS, 107, 3902, (1985)
| QMMM: O : M.J.S.DEWAR et al. JACS, 107, 3902, (1985)
| QMMM: N : M.J.S.DEWAR et al. JACS, 107, 3902, (1985)

| QMMM: *** SCF convergence criteria ***
| QMMM: Energy change                :  0.1D-09 kcal/mol
| QMMM: Error matrix |FP-PF|         :  0.1D+00 au
| QMMM: Density matrix change        :  0.5D-06
| QMMM: Maximum number of SCF cycles :     1000

| QMMM: *** Diagonalization Routine Information ***
| QMMM: Pseudo diagonalizations are allowed.
| QMMM: Auto diagonalization routine selection is in use.
| QMMM:
| QMMM: Timing diagonalization routines:
| QMMM:                              norbs =       80
| QMMM:    diag iterations used for timing =       15
| QMMM:
| QMMM:              Internal diag routine = 0.011471 seconds
| QMMM:                 Dspev diag routine = 0.006934 seconds
| QMMM:                Dspevd diag routine = 0.004226 seconds
| QMMM:                Dspevx diag routine = 0.039477 seconds
| QMMM:                 Dsyev diag routine = 0.008084 seconds
| QMMM:                Dsyevd diag routine = 0.006039 seconds
| QMMM:                Dsyevr diag routine = 0.007775 seconds
| QMMM:
| QMMM:                Pseudo diag routine = 0.003857 seconds
| QMMM:
| QMMM: Using dspevd routine (diag_routine=3).

  QMMM: QM Region Cartesian Coordinates (*=link atom) 
  QMMM: QM_NO.   MM_NO.  ATOM         X         Y         Z
  QMMM:     1        1      C       -4.0050   29.1610   16.5120
  QMMM:     2        2      O       -5.0060   30.1780   16.4880
  QMMM:     3        3      C       -6.3050   29.7860   16.3060
  QMMM:     4        4      C       -6.7620   28.4720   16.3700
  QMMM:     5        5      C       -8.1170   28.1750   16.2390
  QMMM:     6        6      C       -8.6340   26.7560   16.3730
  QMMM:     7        7      C       -8.7870   26.1880   17.7880
  QMMM:     8        8      C       -8.2920   26.8250   18.9160
  QMMM:     9        9      N       -8.3520   26.3000   20.1530
  QMMM:    10       10      C       -8.9430   25.0910   20.2870
  QMMM:    11       11      N       -9.0110   24.5550   21.5070
  QMMM:    12       12      N       -9.4840   24.3950   19.2740
  QMMM:    13       13      C       -9.3840   24.9180   18.0340
  QMMM:    14       14      N       -9.9030   24.1780   17.0310
  QMMM:    15       15      C       -8.9990   29.2110   15.9630
  QMMM:    16       16      C       -8.5500   30.5260   15.8890
  QMMM:    17       17      O       -9.3460   31.6100   15.6690
  QMMM:    18       18      C       -7.2040   30.8330   16.0840
  QMMM:    19       19      O       -6.7730   32.1400   15.9510
  QMMM:    20       20      C       -6.4700   32.8200   17.1580

--------------------------------------------------------------------------------
  RESULTS
--------------------------------------------------------------------------------

      iter         sqm energy              rms gradient
      ----    -------------------    -----------------------
xmin    10      556.6238 kcal/mol        5.0773 kcal/(mol*A)
xmin    20      544.4140 kcal/mol        2.2405 kcal/(mol*A)
xmin    30      540.9007 kcal/mol        0.8731 kcal/(mol*A)
xmin    40      539.6009 kcal/mol        0.9017 kcal/(mol*A)
xmin    50      528.2236 kcal/mol       18.5602 kcal/(mol*A)
xmin    60      472.5066 kcal/mol        1.8436 kcal/(mol*A)
xmin    70      472.0093 kcal/mol        0.6236 kcal/(mol*A)
xmin    80      471.8033 kcal/mol        0.8155 kcal/(mol*A)
xmin    90      471.7668 kcal/mol        0.1692 kcal/(mol*A)
xmin   100      471.7493 kcal/mol        0.2046 kcal/(mol*A)
xmin   110      471.7314 kcal/mol        0.1452 kcal/(mol*A)
xmin   120      471.7225 kcal/mol        0.1117 kcal/(mol*A)
xmin   130      471.7044 kcal/mol        0.1327 kcal/(mol*A)
xmin   140      471.6935 kcal/mol        0.1011 kcal/(mol*A)
xmin   150      471.6842 kcal/mol        0.1862 kcal/(mol*A)
xmin   160      471.6777 kcal/mol        0.1042 kcal/(mol*A)
xmin   170      471.6712 kcal/mol        0.2009 kcal/(mol*A)
xmin   180      471.6661 kcal/mol        0.0568 kcal/(mol*A)
xmin   190      471.6611 kcal/mol        0.0762 kcal/(mol*A)
xmin   200      471.6571 kcal/mol        0.2187 kcal/(mol*A)
xmin   210      471.6468 kcal/mol        0.3966 kcal/(mol*A)
xmin   220      471.6242 kcal/mol        0.1035 kcal/(mol*A)
xmin   230      471.6103 kcal/mol        0.6414 kcal/(mol*A)
xmin   240      471.5960 kcal/mol        0.3654 kcal/(mol*A)
xmin   250      471.5674 kcal/mol        0.1636 kcal/(mol*A)
xmin   260      471.5457 kcal/mol        0.2183 kcal/(mol*A)
xmin   270      471.5228 kcal/mol        0.1808 kcal/(mol*A)
xmin   280      471.5131 kcal/mol        0.1058 kcal/(mol*A)
xmin   290      471.4651 kcal/mol        0.1512 kcal/(mol*A)
xmin   300      471.4224 kcal/mol        0.1899 kcal/(mol*A)
xmin   310      471.3938 kcal/mol        0.6810 kcal/(mol*A)
xmin   320      471.3384 kcal/mol        0.4059 kcal/(mol*A)
xmin   330      471.3104 kcal/mol        0.3099 kcal/(mol*A)
xmin   340      471.2821 kcal/mol        0.1286 kcal/(mol*A)
xmin   350      471.2660 kcal/mol        0.1433 kcal/(mol*A)
xmin   360      471.2448 kcal/mol        0.3568 kcal/(mol*A)
xmin   370      471.2341 kcal/mol        0.4575 kcal/(mol*A)
xmin   380      471.2257 kcal/mol        0.1013 kcal/(mol*A)
xmin   390      471.2173 kcal/mol        0.1169 kcal/(mol*A)
xmin   400      471.2139 kcal/mol        0.0807 kcal/(mol*A)
xmin   410      471.2122 kcal/mol        0.0488 kcal/(mol*A)
xmin   420      471.2114 kcal/mol        0.1614 kcal/(mol*A)
xmin   430      471.2097 kcal/mol        0.0261 kcal/(mol*A)
xmin   440      471.2076 kcal/mol        0.0224 kcal/(mol*A)
xmin   450      471.2061 kcal/mol        0.0284 kcal/(mol*A)
xmin   460      471.2057 kcal/mol        0.0259 kcal/(mol*A)
xmin   470      471.2045 kcal/mol        0.0734 kcal/(mol*A)
xmin   480      471.2038 kcal/mol        0.0146 kcal/(mol*A)
xmin   490      471.2034 kcal/mol        0.0409 kcal/(mol*A)
xmin   500      471.2031 kcal/mol        0.0185 kcal/(mol*A)
xmin   510      471.2030 kcal/mol        0.0141 kcal/(mol*A)
xmin   520      471.2029 kcal/mol        0.0136 kcal/(mol*A)
xmin   530      471.2028 kcal/mol        0.0072 kcal/(mol*A)
xmin   540      471.2025 kcal/mol        0.0212 kcal/(mol*A)
xmin   550      471.2031 kcal/mol        0.1167 kcal/(mol*A)
xmin   560      471.2024 kcal/mol        0.0060 kcal/(mol*A)
xmin   570      471.2023 kcal/mol        0.0236 kcal/(mol*A)
xmin   580      471.2021 kcal/mol        0.0083 kcal/(mol*A)
xmin   590      471.2021 kcal/mol        0.0145 kcal/(mol*A)
xmin   600      471.2020 kcal/mol        0.0104 kcal/(mol*A)
xmin   610      471.2020 kcal/mol        0.0047 kcal/(mol*A)
xmin   620      471.2020 kcal/mol        0.0100 kcal/(mol*A)
xmin   630      471.2019 kcal/mol        0.0098 kcal/(mol*A)
xmin   640      471.2019 kcal/mol        0.0130 kcal/(mol*A)
xmin   650      471.2019 kcal/mol        0.0043 kcal/(mol*A)
xmin   660      471.2019 kcal/mol        0.0034 kcal/(mol*A)
xmin   670      471.2019 kcal/mol        0.0039 kcal/(mol*A)
xmin   680      471.2019 kcal/mol        0.0009 kcal/(mol*A)
xmin   690      471.2019 kcal/mol        0.0056 kcal/(mol*A)
xmin   700      471.2019 kcal/mol        0.0096 kcal/(mol*A)
xmin   710      471.2019 kcal/mol        0.0023 kcal/(mol*A)
xmin   720      471.2019 kcal/mol        0.0078 kcal/(mol*A)
xmin   730      471.2019 kcal/mol        0.0017 kcal/(mol*A)
xmin   740      471.2019 kcal/mol        0.0012 kcal/(mol*A)
xmin   750      471.2019 kcal/mol        0.0016 kcal/(mol*A)
xmin   760      471.2019 kcal/mol        0.0014 kcal/(mol*A)
xmin   770      471.2019 kcal/mol        0.0014 kcal/(mol*A)
xmin   780      471.2019 kcal/mol        0.0022 kcal/(mol*A)
xmin   790      471.2019 kcal/mol        0.0040 kcal/(mol*A)
xmin   800      471.2019 kcal/mol        0.0010 kcal/(mol*A)
xmin   810      471.2019 kcal/mol        0.0009 kcal/(mol*A)
xmin   820      471.2019 kcal/mol        0.0013 kcal/(mol*A)
xmin   830      471.2019 kcal/mol        0.0014 kcal/(mol*A)
  ... geometry converged !
 
 Final MO eigenvalues (eV):
 -44.5180  -41.5100  -41.0092  -40.0019  -39.0795  -37.9879  -36.7454  -35.6759
 -33.2708  -32.0832  -31.3989  -27.5189  -25.4107  -24.1947  -23.5964  -23.3109
 -22.3826  -21.4964  -20.6458  -19.0049  -18.6793  -17.7943  -16.8503  -16.5851
 -16.5823  -16.4417  -16.3397  -16.0033  -15.9255  -15.6586  -15.5136  -15.4227
 -14.8721  -14.6447  -14.0300  -13.9549  -13.5842  -12.9706  -12.6116  -12.2738
 -11.8013  -11.6796  -11.1819  -10.8253  -10.3355   -3.8223   -3.1964   -2.4990
  -1.7780   -1.1747   -0.9740   -0.5343    0.0965    0.1401    0.2554    0.5480
   0.6710    0.6724    0.9046    1.1879    1.2894    1.3575    1.5322    1.6271
   1.8570    1.9238    2.0543    2.7726    2.8473    3.0372    3.1727    3.3181
   3.3427    4.0030    4.4663    4.7523    5.0027    5.1776    5.1785    6.5406


 Heat of formation   =        471.20186359 kcal/mol  (       20.43284609 eV)

 Total SCF energy    =     -79140.38740450 kcal/mol  (    -3431.78471898 eV)
 Electronic energy   =    -397784.96469039 kcal/mol  (   -17249.25045273 eV)
 Core-core repulsion =     318644.57728589 kcal/mol  (    13817.46573375 eV)
 
    Atomic Charges for Step       1 :
  Atom    Element       Mulliken Charge
     1      C                  0.220
     2      O                 -0.220
     3      C                 -0.154
     4      C                 -0.036
     5      C                  0.045
     6      C                  0.128
     7      C                  0.037
     8      C                 -0.116
     9      N                  0.066
    10      C                 -0.094
    11      N                 -0.024
    12      N                 -0.112
    13      C                  0.033
    14      N                  0.150
    15      C                  0.046
    16      C                 -0.208
    17      O                 -0.095
    18      C                  0.252
    19      O                 -0.133
    20      C                  0.214
 Total Mulliken Charge =       0.000
 
                  X        Y        Z     TOTAL  
  QM DIPOLE     0.117    1.843   -0.459    1.903
 
 Final Structure

  QMMM: QM Region Cartesian Coordinates (*=link atom) 
  QMMM: QM_NO.   MM_NO.  ATOM         X         Y         Z
  QMMM:     1        1      C       -3.5409   32.6333   17.7493
  QMMM:     2        2      O       -4.3544   31.9284   17.2845
  QMMM:     3        3      C       -6.2707   28.3149   15.5914
  QMMM:     4        4      C       -6.9157   27.6625   16.4304
  QMMM:     5        5      C       -8.0396   28.0406   17.2274
  QMMM:     6        6      C       -8.6839   27.3127   18.1097
  QMMM:     7        7      C       -9.3414   26.5973   18.9856
  QMMM:     8        8      C       -9.0540   26.5553   20.3724
  QMMM:     9        9      N       -8.8240   26.5201   21.5116
  QMMM:    10       10      C       -9.1509   23.8033   18.3042
  QMMM:    11       11      N       -8.1665   23.1709   18.3204
  QMMM:    12       12      N      -10.3709   24.4105   18.2385
  QMMM:    13       13      C      -10.4885   25.6933   18.5394
  QMMM:    14       14      N      -11.6078   26.4336   18.5204
  QMMM:    15       15      C       -8.4375   29.4464   16.9457
  QMMM:    16       16      C       -7.6903   30.1358   16.0023
  QMMM:    17       17      O       -7.8364   31.4647   15.5446
  QMMM:    18       18      C       -6.5487   29.6277   15.2534
  QMMM:    19       19      O       -6.1031   30.6211   14.4354
  QMMM:    20       20      C       -6.9018   31.7457   14.6251

           --------- Calculation Completed ----------

